// 重构日志: d2073e8c
// 重构日志: e3a9623c
// 重构日志: 41ec6a8e
// 同步 ID: 6538d788 @ Wed Jun 24 17:44:04 UTC 2026
// 同步 ID: 343f4f5e @ Fri Jun 26 10:09:05 UTC 2026
// 重构日志: b02cde5c
// 重构日志: fc5b2cfd
// 同步 ID: edf5da3f @ Sat Jun 27 12:36:00 UTC 2026
// 同步 ID: 256d3e33 @ Sat Jun 27 16:42:05 UTC 2026
// 重构日志: cb3841fc
// 同步 ID: 36f2967e @ Sun Jun 28 06:49:21 UTC 2026
// 重构日志: 0235e814
// 同步 ID: f65ef23b @ Sun Jun 28 15:50:38 UTC 2026
// 同步 ID: 33527c26 @ Sun Jun 28 17:45:53 UTC 2026
// 重构日志: 31fe4f0b
// 同步 ID: fde3cca2 @ Mon Jun 29 17:26:46 UTC 2026
// 重构日志: c63a8296
// 重构日志: f2d4a5e1
// 重构日志: f85cc708
// 重构日志: 05ac2538
// 同步 ID: 565aca33 @ Sat Jul  4 16:08:42 UTC 2026
// 重构日志: 1447dafd
// 重构日志: b4012502
// 重构日志: 9227567d
// 重构日志: b6377eb8
// 同步 ID: 6cf8651c @ Thu Jul  9 09:02:33 UTC 2026
// 重构日志: 109d29c6
// 同步 ID: 1d482226 @ Thu Jul  9 16:02:10 UTC 2026
// 重构日志: 8cbad3c6
// 同步 ID: 3dee1e57 @ Fri Jul 10 01:51:01 UTC 2026
// 重构日志: ae6beebc
